12:43AM DEBU <cmd/root.go:48> Logging to debug.log
12:43AM DEBU <ui/ui.go:71> Model theme &{#6c7086 #1e1e2e #74c7ec #a6adc8 #cba6f7 #f38ba8 #b4befe #40a02b #df8e1d #1e66f5 #7287fd #d20f39 #e6e9ef}="missing value"
12:43AM INFO <ui/style.go:41> color
12:43AM INFO <ui/style.go:41> color
12:43AM INFO <ui/style.go:41> color
12:43AM INFO <ui/style.go:41> color
12:43AM INFO <ui/style.go:41> color
12:43AM INFO <ui/style.go:41> color
12:43AM INFO <ui/style.go:41> color
12:43AM INFO <ui/style.go:41> color
12:43AM INFO <ui/style.go:41> color
12:43AM INFO <ui/style.go:41> color
12:43AM INFO <ui/style.go:41> color
12:43AM INFO <ui/style.go:41> color
12:43AM INFO <ui/style.go:41> color
12:43AM INFO <ui/style.go:41> color
12:43AM INFO <ui/style.go:41> color
12:43AM INFO <ui/style.go:41> color
12:43AM INFO <ui/style.go:41> color
12:43AM INFO <ui/style.go:41> color
12:43AM INFO <ui/style.go:41> color
12:43AM INFO <ui/style.go:41> color
12:43AM INFO <ui/style.go:41> color
12:43AM INFO <ui/style.go:41> color
12:43AM INFO <ui/style.go:41> color
12:43AM INFO <ui/style.go:41> color
12:43AM INFO <ui/style.go:41> color
12:43AM INFO <ui/style.go:41> color
12:43AM INFO <ui/style.go:41> color
12:43AM INFO <ui/style.go:41> color
12:43AM INFO <ui/style.go:41> color
12:43AM INFO <ui/style.go:41> color
12:43AM INFO <ui/style.go:41> color
12:43AM INFO <ui/style.go:41> color
12:43AM INFO <ui/style.go:41> color
12:43AM INFO <ui/style.go:41> color
12:43AM INFO <ui/style.go:41> color
12:43AM INFO <ui/style.go:41> color
12:43AM INFO <ui/style.go:41> color
12:43AM INFO <ui/style.go:41> color
12:43AM INFO <ui/style.go:41> color
12:43AM INFO <ui/style.go:41> color
12:43AM INFO <ui/style.go:41> color
12:43AM INFO <ui/style.go:41> color
12:43AM INFO <ui/style.go:41> color
12:43AM INFO <ui/style.go:41> color
12:43AM INFO <ui/style.go:41> color
12:43AM INFO <ui/style.go:41> color
12:43AM INFO <ui/style.go:41> color
12:43AM INFO <ui/style.go:41> color
12:43AM INFO <ui/style.go:41> color
12:43AM INFO <ui/style.go:41> color
8:09PM DEBU <cmd/root.go:48> Logging to debug.log
8:09PM DEBU <ui/ui.go:71> Model theme &{#6c7086 #1e1e2e #74c7ec #a6adc8 #cba6f7 #f38ba8 #b4befe #40a02b #df8e1d #1e66f5 #7287fd #d20f39 #e6e9ef}="missing value"
8:09PM INFO <ui/style.go:40> color #d20f39="missing value"
8:09PM INFO <ui/style.go:40> color #d20f39="missing value"
8:09PM INFO <ui/style.go:40> color #df8e1d="missing value"
8:09PM INFO <ui/style.go:40> color #d20f39="missing value"
8:09PM INFO <ui/style.go:40> color #e6e9ef="missing value"
8:09PM INFO <ui/style.go:40> color #d20f39="missing value"
8:09PM INFO <ui/style.go:40> color #1e66f5="missing value"
8:09PM INFO <ui/style.go:40> color #e6e9ef="missing value"
8:09PM INFO <ui/style.go:40> color #1e66f5="missing value"
8:09PM INFO <ui/style.go:40> color #df8e1d="missing value"
8:09PM INFO <ui/style.go:40> color #d20f39="missing value"
8:09PM INFO <ui/style.go:40> color #d20f39="missing value"
8:09PM INFO <ui/style.go:40> color #df8e1d="missing value"
8:09PM INFO <ui/style.go:40> color #d20f39="missing value"
8:09PM INFO <ui/style.go:40> color #e6e9ef="missing value"
8:09PM INFO <ui/style.go:40> color #d20f39="missing value"
8:09PM INFO <ui/style.go:40> color #1e66f5="missing value"
8:09PM INFO <ui/style.go:40> color #e6e9ef="missing value"
8:09PM INFO <ui/style.go:40> color #1e66f5="missing value"
8:09PM INFO <ui/style.go:40> color #df8e1d="missing value"
8:09PM INFO <ui/style.go:40> color #d20f39="missing value"
8:09PM INFO <ui/style.go:40> color #d20f39="missing value"
8:09PM INFO <ui/style.go:40> color #df8e1d="missing value"
8:09PM INFO <ui/style.go:40> color #d20f39="missing value"
8:09PM INFO <ui/style.go:40> color #e6e9ef="missing value"
8:09PM INFO <ui/style.go:40> color #d20f39="missing value"
8:09PM INFO <ui/style.go:40> color #1e66f5="missing value"
8:09PM INFO <ui/style.go:40> color #e6e9ef="missing value"
8:09PM INFO <ui/style.go:40> color #1e66f5="missing value"
8:09PM INFO <ui/style.go:40> color #df8e1d="missing value"
8:09PM INFO <ui/style.go:40> color #d20f39="missing value"
8:09PM INFO <ui/style.go:40> color #d20f39="missing value"
8:09PM INFO <ui/style.go:40> color #df8e1d="missing value"
8:09PM INFO <ui/style.go:40> color #d20f39="missing value"
8:09PM INFO <ui/style.go:40> color #e6e9ef="missing value"
8:09PM INFO <ui/style.go:40> color #d20f39="missing value"
8:09PM INFO <ui/style.go:40> color #1e66f5="missing value"
8:09PM INFO <ui/style.go:40> color #e6e9ef="missing value"
8:09PM INFO <ui/style.go:40> color #1e66f5="missing value"
8:09PM INFO <ui/style.go:40> color #df8e1d="missing value"
8:09PM INFO <ui/style.go:40> color #d20f39="missing value"
8:09PM INFO <ui/style.go:40> color #d20f39="missing value"
8:09PM INFO <ui/style.go:40> color #df8e1d="missing value"
8:09PM INFO <ui/style.go:40> color #d20f39="missing value"
8:09PM INFO <ui/style.go:40> color #e6e9ef="missing value"
8:09PM INFO <ui/style.go:40> color #d20f39="missing value"
8:09PM INFO <ui/style.go:40> color #1e66f5="missing value"
8:09PM INFO <ui/style.go:40> color #e6e9ef="missing value"
8:09PM INFO <ui/style.go:40> color #1e66f5="missing value"
8:09PM INFO <ui/style.go:40> color #df8e1d="missing value"
8:09PM INFO <ui/style.go:40> color #d20f39="missing value"
8:09PM INFO <ui/style.go:40> color #d20f39="missing value"
8:09PM INFO <ui/style.go:40> color #df8e1d="missing value"
8:09PM INFO <ui/style.go:40> color #d20f39="missing value"
8:09PM INFO <ui/style.go:40> color #e6e9ef="missing value"
8:09PM INFO <ui/style.go:40> color #d20f39="missing value"
8:09PM INFO <ui/style.go:40> color #1e66f5="missing value"
8:09PM INFO <ui/style.go:40> color #e6e9ef="missing value"
8:09PM INFO <ui/style.go:40> color #1e66f5="missing value"
8:09PM INFO <ui/style.go:40> color #df8e1d="missing value"
8:10PM INFO <ui/style.go:40> color #d20f39="missing value"
8:10PM INFO <ui/style.go:40> color #d20f39="missing value"
8:10PM INFO <ui/style.go:40> color #df8e1d="missing value"
8:10PM INFO <ui/style.go:40> color #d20f39="missing value"
8:10PM INFO <ui/style.go:40> color #e6e9ef="missing value"
8:10PM INFO <ui/style.go:40> color #d20f39="missing value"
8:10PM INFO <ui/style.go:40> color #1e66f5="missing value"
8:10PM INFO <ui/style.go:40> color #e6e9ef="missing value"
8:10PM INFO <ui/style.go:40> color #1e66f5="missing value"
8:10PM INFO <ui/style.go:40> color #df8e1d="missing value"
8:10PM INFO <ui/style.go:40> color #d20f39="missing value"
8:10PM INFO <ui/style.go:40> color #d20f39="missing value"
8:10PM INFO <ui/style.go:40> color #df8e1d="missing value"
8:10PM INFO <ui/style.go:40> color #d20f39="missing value"
8:10PM INFO <ui/style.go:40> color #e6e9ef="missing value"
8:10PM INFO <ui/style.go:40> color #d20f39="missing value"
8:10PM INFO <ui/style.go:40> color #1e66f5="missing value"
8:10PM INFO <ui/style.go:40> color #e6e9ef="missing value"
8:10PM INFO <ui/style.go:40> color #1e66f5="missing value"
8:10PM INFO <ui/style.go:40> color #df8e1d="missing value"
8:10PM INFO <ui/style.go:40> color #d20f39="missing value"
8:10PM INFO <ui/style.go:40> color #d20f39="missing value"
8:10PM INFO <ui/style.go:40> color #df8e1d="missing value"
8:10PM INFO <ui/style.go:40> color #d20f39="missing value"
8:10PM INFO <ui/style.go:40> color #e6e9ef="missing value"
8:10PM INFO <ui/style.go:40> color #d20f39="missing value"
8:10PM INFO <ui/style.go:40> color #1e66f5="missing value"
8:10PM INFO <ui/style.go:40> color #e6e9ef="missing value"
8:10PM INFO <ui/style.go:40> color #1e66f5="missing value"
8:10PM INFO <ui/style.go:40> color #df8e1d="missing value"
